TN:
SF:app/api/admin-login/route.ts
FN:41,POST
FNF:1
FNH:1
FNDA:4,POST
DA:1,1
DA:2,1
DA:3,1
DA:4,1
DA:7,1
DA:8,1
DA:9,1
DA:10,1
DA:11,1
DA:14,1
DA:15,0
DA:16,0
DA:17,0
DA:23,1
DA:24,1
DA:25,1
DA:26,1
DA:27,1
DA:28,1
DA:29,1
DA:30,1
DA:31,1
DA:33,1
DA:34,0
DA:35,0
DA:36,0
DA:37,1
DA:39,1
DA:41,4
DA:42,4
DA:43,4
DA:46,4
DA:50,4
DA:51,1
DA:52,1
DA:53,1
DA:54,1
DA:55,1
DA:57,2
DA:62,2
DA:65,4
DA:66,1
DA:67,1
DA:68,1
DA:69,1
DA:70,1
DA:72,1
DA:73,1
DA:74,1
DA:75,1
DA:76,1
DA:77,1
DA:78,1
DA:79,1
DA:80,4
LF:55
LH:49
BRDA:7,0,0,0
BRDA:14,1,0,0
BRDA:33,2,0,0
BRDA:41,3,0,4
BRDA:46,4,0,3
BRDA:50,5,0,1
BRDA:55,6,0,2
BRDA:65,7,0,1
BRF:8
BRH:5
end_of_record
TN:
SF:app/api/revalidate/route.ts
FN:6,GET
FNF:1
FNH:1
FNDA:3,GET
DA:3,1
DA:4,1
DA:6,3
DA:7,3
DA:8,3
DA:10,3
DA:11,1
DA:12,1
DA:14,2
DA:15,2
DA:19,2
DA:20,3
DA:21,1
DA:22,1
DA:23,1
DA:24,3
LF:16
LH:16
BRDA:6,0,0,3
BRDA:10,1,0,1
BRDA:12,2,0,2
BRDA:20,3,0,1
BRF:4
BRH:4
end_of_record
TN:
SF:components/bio/ProductCard.tsx
FN:14,getCloudinaryThumbnail
FN:22,ProductCard
FN:32,handleEsc
FN:58,onClick
FN:136,onClick
FN:146,onClick
FN:149,onClick
FNF:7
FNH:3
FNDA:4,getCloudinaryThumbnail
FNDA:5,ProductCard
FNDA:0,handleEsc
FNDA:1,onClick
FNDA:0,onClick
FNDA:0,onClick
FNDA:0,onClick
DA:3,1
DA:4,1
DA:5,1
DA:6,1
DA:7,1
DA:8,1
DA:9,1
DA:12,1
DA:14,1
DA:15,4
DA:16,2
DA:17,2
DA:18,2
DA:19,2
DA:20,2
DA:22,5
DA:23,5
DA:24,5
DA:25,5
DA:28,5
DA:29,5
DA:31,5
DA:32,3
DA:33,0
DA:34,0
DA:35,3
DA:36,3
DA:37,5
DA:39,5
DA:40,5
DA:41,5
DA:43,5
DA:44,5
DA:46,5
DA:47,5
DA:48,5
DA:49,3
DA:50,5
DA:51,5
DA:54,5
DA:55,5
DA:57,5
DA:58,5
DA:59,1
DA:60,1
DA:61,5
DA:62,5
DA:63,5
DA:65,5
DA:66,5
DA:67,5
DA:68,5
DA:69,5
DA:70,5
DA:71,5
DA:72,5
DA:73,5
DA:74,5
DA:75,5
DA:78,5
DA:79,5
DA:80,5
DA:81,5
DA:83,5
DA:84,5
DA:85,5
DA:86,5
DA:87,5
DA:88,5
DA:89,5
DA:90,5
DA:91,5
DA:93,5
DA:94,5
DA:95,1
DA:97,1
DA:99,5
DA:100,4
DA:101,4
DA:102,4
DA:104,4
DA:105,4
DA:107,5
DA:108,1
DA:109,1
DA:110,1
DA:111,1
DA:113,1
DA:115,5
DA:116,5
DA:117,5
DA:118,0
DA:120,5
DA:121,5
DA:122,5
DA:123,5
DA:124,5
DA:125,5
DA:128,5
DA:129,5
DA:130,1
DA:131,1
DA:132,1
DA:133,1
DA:134,1
DA:135,1
DA:136,1
DA:137,1
DA:138,1
DA:140,1
DA:141,1
DA:142,1
DA:143,1
DA:144,1
DA:145,1
DA:146,1
DA:148,1
DA:149,1
DA:150,1
DA:151,1
DA:153,1
DA:154,1
DA:155,1
DA:156,1
DA:157,1
DA:158,1
DA:159,1
DA:160,1
DA:161,1
DA:162,1
DA:163,1
DA:165,5
DA:166,5
DA:168,5
LF:134
LH:131
BRDA:14,0,0,4
BRDA:15,1,0,2
BRDA:15,2,0,2
BRDA:22,3,0,5
BRDA:40,4,0,2
BRDA:41,5,0,2
BRDA:48,6,0,3
BRDA:49,7,0,1
BRDA:51,8,0,1
BRDA:51,9,0,3
BRDA:79,10,0,3
BRDA:80,11,0,1
BRDA:80,12,0,4
BRDA:80,13,0,0
BRDA:94,14,0,1
BRDA:99,15,0,4
BRDA:107,16,0,1
BRDA:117,17,0,1
BRDA:117,18,0,0
BRDA:129,19,0,1
BRDA:31,20,0,3
BRDA:36,21,0,3
BRDA:58,22,0,1
BRF:23
BRH:21
end_of_record
TN:
SF:components/bio/ProductGrid.tsx
FN:7,ProductGrid
FN:101,onClick
FN:141,onClick
FN:161,onChange
FNF:4
FNH:4
FNDA:6,ProductGrid
FNDA:1,onClick
FNDA:1,onClick
FNDA:1,onChange
DA:3,1
DA:4,1
DA:7,6
DA:8,6
DA:9,6
DA:10,6
DA:13,6
DA:14,6
DA:15,6
DA:16,6
DA:18,6
DA:19,6
DA:20,1
DA:21,1
DA:22,1
DA:23,1
DA:27,5
DA:30,6
DA:31,3
DA:32,6
DA:33,6
DA:34,6
DA:35,2
DA:36,6
DA:37,4
DA:38,6
DA:39,0
DA:40,6
DA:41,0
DA:42,6
DA:43,3
DA:44,3
DA:47,5
DA:48,5
DA:49,5
DA:50,5
DA:53,5
DA:55,5
DA:57,5
DA:58,5
DA:59,5
DA:62,5
DA:63,5
DA:64,5
DA:65,5
DA:66,5
DA:67,5
DA:68,5
DA:69,5
DA:70,5
DA:72,5
DA:73,5
DA:74,5
DA:76,5
DA:77,5
DA:78,5
DA:79,5
DA:80,5
DA:81,5
DA:82,5
DA:83,5
DA:84,5
DA:85,5
DA:86,5
DA:87,5
DA:88,5
DA:89,5
DA:90,5
DA:91,5
DA:92,5
DA:94,5
DA:95,5
DA:97,5
DA:98,5
DA:99,15
DA:100,15
DA:101,15
DA:102,1
DA:103,1
DA:104,1
DA:105,1
DA:106,1
DA:107,15
DA:108,15
DA:109,3
DA:110,12
DA:111,15
DA:113,15
DA:114,15
DA:115,15
DA:116,15
DA:117,15
DA:118,15
DA:119,15
DA:120,15
DA:121,15
DA:124,15
DA:125,15
DA:128,15
DA:129,3
DA:131,15
DA:132,5
DA:133,5
DA:136,5
DA:137,3
DA:138,3
DA:139,9
DA:140,9
DA:141,9
DA:142,9
DA:143,9
DA:144,3
DA:145,6
DA:146,9
DA:148,9
DA:149,9
DA:150,9
DA:151,3
DA:152,3
DA:156,6
DA:157,6
DA:158,6
DA:159,6
DA:160,6
DA:161,6
DA:162,6
DA:163,6
DA:164,6
DA:167,6
DA:168,1
DA:170,4
DA:171,4
DA:172,5
DA:173,4
DA:174,4
DA:176,6
DA:178,6
LF:137
LH:135
BRDA:7,0,0,6
BRDA:19,1,0,1
BRDA:23,2,0,5
BRDA:30,3,0,3
BRDA:44,4,0,5
BRDA:136,5,0,3
BRDA:159,6,0,3
BRDA:159,7,0,2
BRDA:167,8,0,1
BRDA:168,9,0,4
BRDA:27,10,0,17
BRDA:31,11,0,6
BRDA:34,12,0,2
BRDA:35,13,0,1
BRDA:36,14,0,4
BRDA:37,15,0,2
BRDA:38,16,0,0
BRDA:40,17,0,0
BRDA:47,18,0,5
BRDA:49,19,0,0
BRDA:53,20,0,5
BRDA:53,21,0,5
BRDA:98,22,0,15
BRDA:108,23,0,3
BRDA:109,24,0,12
BRDA:120,25,0,3
BRDA:120,26,0,12
BRDA:128,27,0,3
BRDA:101,28,0,1
BRDA:138,29,0,9
BRDA:143,30,0,3
BRDA:144,31,0,6
BRDA:141,32,0,1
BRDA:159,33,0,5
BRDA:161,34,0,1
BRDA:171,35,0,5
BRF:36
BRH:33
end_of_record
TN:
SF:components/bio/ProfileSection.tsx
FN:5,ProfileSection
FNF:1
FNH:1
FNDA:2,ProfileSection
DA:3,1
DA:5,2
DA:6,2
DA:7,2
DA:8,2
DA:9,2
DA:10,2
DA:11,2
DA:12,2
DA:13,2
DA:14,2
DA:15,2
DA:16,2
DA:17,2
DA:18,2
DA:20,2
DA:21,2
DA:23,2
LF:18
LH:18
BRDA:5,0,0,2
BRF:1
BRH:1
end_of_record
TN:
SF:components/bio/SocialLinks.tsx
FN:5,SocialLinks
FNF:1
FNH:1
FNDA:1,SocialLinks
DA:3,1
DA:5,1
DA:6,1
DA:7,1
DA:8,1
DA:9,1
DA:10,1
DA:11,1
DA:13,1
DA:14,1
DA:15,1
DA:16,1
DA:18,1
DA:19,1
DA:20,1
DA:22,1
DA:23,1
DA:24,1
DA:25,1
DA:27,1
DA:28,1
DA:29,1
DA:30,1
DA:32,1
DA:33,1
DA:34,1
DA:35,1
DA:37,1
LF:28
LH:28
BRDA:5,0,0,1
BRF:1
BRH:1
end_of_record
TN:
SF:lib/utils.ts
FN:4,cn
FNF:1
FNH:1
FNDA:15,cn
DA:1,1
DA:2,1
DA:4,1
DA:5,15
DA:6,15
LF:5
LH:5
BRDA:4,0,0,15
BRF:1
BRH:1
end_of_record
